
> server@1.0.0 start
> node index.js

[dotenv@17.2.3] injecting env (3) from .env -- tip: 🔐 prevent building .env in docker: https://dotenvx.com/prebuild
[dotenv@17.2.3] injecting env (0) from .env -- tip: ⚙️  override existing env vars with { override: true }
LOADING ADMIN ROUTES...
Server is running on port 3001
error: duplicate key value violates unique constraint "users_username_key"
    at /home/hcp/sql/server/node_modules/pg-pool/index.js:45:11
    at process.processTicksAndRejections (node:internal/process/task_queues:103:5)
    at async /home/hcp/sql/server/routes/auth.js:17:20 {
  length: 210,
  severity: 'ERROR',
  code: '23505',
  detail: 'Key (username)=(testadmin) already exists.',
  hint: undefined,
  position: undefined,
  internalPosition: undefined,
  internalQuery: undefined,
  where: undefined,
  schema: 'public',
  table: 'users',
  column: undefined,
  dataType: undefined,
  constraint: 'users_username_key',
  file: 'nbtinsert.c',
  line: '663',
  routine: '_bt_check_unique'
}
error: duplicate key value violates unique constraint "users_username_key"
    at /home/hcp/sql/server/node_modules/pg-pool/index.js:45:11
    at process.processTicksAndRejections (node:internal/process/task_queues:103:5)
    at async /home/hcp/sql/server/routes/auth.js:17:20 {
  length: 211,
  severity: 'ERROR',
  code: '23505',
  detail: 'Key (username)=(testleader) already exists.',
  hint: undefined,
  position: undefined,
  internalPosition: undefined,
  internalQuery: undefined,
  where: undefined,
  schema: 'public',
  table: 'users',
  column: undefined,
  dataType: undefined,
  constraint: 'users_username_key',
  file: 'nbtinsert.c',
  line: '663',
  routine: '_bt_check_unique'
}
error: duplicate key value violates unique constraint "users_username_key"
    at /home/hcp/sql/server/node_modules/pg-pool/index.js:45:11
    at process.processTicksAndRejections (node:internal/process/task_queues:103:5)
    at async /home/hcp/sql/server/routes/auth.js:17:20 {
  length: 210,
  severity: 'ERROR',
  code: '23505',
  detail: 'Key (username)=(customer1) already exists.',
  hint: undefined,
  position: undefined,
  internalPosition: undefined,
  internalQuery: undefined,
  where: undefined,
  schema: 'public',
  table: 'users',
  column: undefined,
  dataType: undefined,
  constraint: 'users_username_key',
  file: 'nbtinsert.c',
  line: '663',
  routine: '_bt_check_unique'
}
error: duplicate key value violates unique constraint "users_username_key"
    at /home/hcp/sql/server/node_modules/pg-pool/index.js:45:11
    at process.processTicksAndRejections (node:internal/process/task_queues:103:5)
    at async /home/hcp/sql/server/routes/auth.js:17:20 {
  length: 210,
  severity: 'ERROR',
  code: '23505',
  detail: 'Key (username)=(customer2) already exists.',
  hint: undefined,
  position: undefined,
  internalPosition: undefined,
  internalQuery: undefined,
  where: undefined,
  schema: 'public',
  table: 'users',
  column: undefined,
  dataType: undefined,
  constraint: 'users_username_key',
  file: 'nbtinsert.c',
  line: '663',
  routine: '_bt_check_unique'
}
error: duplicate key value violates unique constraint "users_username_key"
    at /home/hcp/sql/server/node_modules/pg-pool/index.js:45:11
    at process.processTicksAndRejections (node:internal/process/task_queues:103:5)
    at async /home/hcp/sql/server/routes/auth.js:17:20 {
  length: 210,
  severity: 'ERROR',
  code: '23505',
  detail: 'Key (username)=(customer3) already exists.',
  hint: undefined,
  position: undefined,
  internalPosition: undefined,
  internalQuery: undefined,
  where: undefined,
  schema: 'public',
  table: 'users',
  column: undefined,
  dataType: undefined,
  constraint: 'users_username_key',
  file: 'nbtinsert.c',
  line: '663',
  routine: '_bt_check_unique'
}
error: duplicate key value violates unique constraint "users_username_key"
    at /home/hcp/sql/server/node_modules/pg-pool/index.js:45:11
    at process.processTicksAndRejections (node:internal/process/task_queues:103:5)
    at async /home/hcp/sql/server/routes/auth.js:17:20 {
  length: 210,
  severity: 'ERROR',
  code: '23505',
  detail: 'Key (username)=(customer4) already exists.',
  hint: undefined,
  position: undefined,
  internalPosition: undefined,
  internalQuery: undefined,
  where: undefined,
  schema: 'public',
  table: 'users',
  column: undefined,
  dataType: undefined,
  constraint: 'users_username_key',
  file: 'nbtinsert.c',
  line: '663',
  routine: '_bt_check_unique'
}
error: duplicate key value violates unique constraint "users_username_key"
    at /home/hcp/sql/server/node_modules/pg-pool/index.js:45:11
    at process.processTicksAndRejections (node:internal/process/task_queues:103:5)
    at async /home/hcp/sql/server/routes/auth.js:17:20 {
  length: 210,
  severity: 'ERROR',
  code: '23505',
  detail: 'Key (username)=(customer5) already exists.',
  hint: undefined,
  position: undefined,
  internalPosition: undefined,
  internalQuery: undefined,
  where: undefined,
  schema: 'public',
  table: 'users',
  column: undefined,
  dataType: undefined,
  constraint: 'users_username_key',
  file: 'nbtinsert.c',
  line: '663',
  routine: '_bt_check_unique'
}
error: duplicate key value violates unique constraint "users_username_key"
    at /home/hcp/sql/server/node_modules/pg-pool/index.js:45:11
    at process.processTicksAndRejections (node:internal/process/task_queues:103:5)
    at async /home/hcp/sql/server/routes/auth.js:17:20 {
  length: 210,
  severity: 'ERROR',
  code: '23505',
  detail: 'Key (username)=(customer6) already exists.',
  hint: undefined,
  position: undefined,
  internalPosition: undefined,
  internalQuery: undefined,
  where: undefined,
  schema: 'public',
  table: 'users',
  column: undefined,
  dataType: undefined,
  constraint: 'users_username_key',
  file: 'nbtinsert.c',
  line: '663',
  routine: '_bt_check_unique'
}
error: duplicate key value violates unique constraint "users_username_key"
    at /home/hcp/sql/server/node_modules/pg-pool/index.js:45:11
    at process.processTicksAndRejections (node:internal/process/task_queues:103:5)
    at async /home/hcp/sql/server/routes/auth.js:17:20 {
  length: 210,
  severity: 'ERROR',
  code: '23505',
  detail: 'Key (username)=(customer7) already exists.',
  hint: undefined,
  position: undefined,
  internalPosition: undefined,
  internalQuery: undefined,
  where: undefined,
  schema: 'public',
  table: 'users',
  column: undefined,
  dataType: undefined,
  constraint: 'users_username_key',
  file: 'nbtinsert.c',
  line: '663',
  routine: '_bt_check_unique'
}
error: duplicate key value violates unique constraint "users_username_key"
    at /home/hcp/sql/server/node_modules/pg-pool/index.js:45:11
    at process.processTicksAndRejections (node:internal/process/task_queues:103:5)
    at async /home/hcp/sql/server/routes/auth.js:17:20 {
  length: 210,
  severity: 'ERROR',
  code: '23505',
  detail: 'Key (username)=(customer8) already exists.',
  hint: undefined,
  position: undefined,
  internalPosition: undefined,
  internalQuery: undefined,
  where: undefined,
  schema: 'public',
  table: 'users',
  column: undefined,
  dataType: undefined,
  constraint: 'users_username_key',
  file: 'nbtinsert.c',
  line: '663',
  routine: '_bt_check_unique'
}
error: duplicate key value violates unique constraint "users_username_key"
    at /home/hcp/sql/server/node_modules/pg-pool/index.js:45:11
    at process.processTicksAndRejections (node:internal/process/task_queues:103:5)
    at async /home/hcp/sql/server/routes/auth.js:17:20 {
  length: 210,
  severity: 'ERROR',
  code: '23505',
  detail: 'Key (username)=(customer9) already exists.',
  hint: undefined,
  position: undefined,
  internalPosition: undefined,
  internalQuery: undefined,
  where: undefined,
  schema: 'public',
  table: 'users',
  column: undefined,
  dataType: undefined,
  constraint: 'users_username_key',
  file: 'nbtinsert.c',
  line: '663',
  routine: '_bt_check_unique'
}
error: duplicate key value violates unique constraint "users_username_key"
    at /home/hcp/sql/server/node_modules/pg-pool/index.js:45:11
    at process.processTicksAndRejections (node:internal/process/task_queues:103:5)
    at async /home/hcp/sql/server/routes/auth.js:17:20 {
  length: 211,
  severity: 'ERROR',
  code: '23505',
  detail: 'Key (username)=(customer10) already exists.',
  hint: undefined,
  position: undefined,
  internalPosition: undefined,
  internalQuery: undefined,
  where: undefined,
  schema: 'public',
  table: 'users',
  column: undefined,
  dataType: undefined,
  constraint: 'users_username_key',
  file: 'nbtinsert.c',
  line: '663',
  routine: '_bt_check_unique'
}
HIT POST /products
Error placing order: Insufficient stock for Product 4 (Requested: 1, Available: 0)
Error placing order: Insufficient stock for Product 4 (Requested: 1, Available: 0)
Error placing order: Insufficient stock for Product 4 (Requested: 1, Available: 0)
Error placing order: Insufficient stock for Product 4 (Requested: 1, Available: 0)
Error placing order: Insufficient stock for Product 4 (Requested: 1, Available: 0)
